Generated at 2017-11-16 15:51:35 -0200
Net::HTTPFatalError: 500 "Internal Server Error"
/usr/lib/ruby/2.3.0/net/http/response.rb:120:in `error!'
/var/lib/gems/2.3.0/gems/chef-13.6.0/lib/chef/http.rb:152:in `request'
/var/lib/gems/2.3.0/gems/chef-13.6.0/lib/chef/http.rb:131:in `post'
/var/lib/gems/2.3.0/gems/chef-13.6.0/lib/chef/node.rb:610:in `create'
/var/lib/gems/2.3.0/gems/chef-13.6.0/lib/chef/node.rb:568:in `rescue in find_or_create'
/var/lib/gems/2.3.0/gems/chef-13.6.0/lib/chef/node.rb:564:in `find_or_create'
/var/lib/gems/2.3.0/gems/chef-13.6.0/lib/chef/policy_builder/dynamic.rb:72:in `load_node'
/var/lib/gems/2.3.0/gems/chef-13.6.0/lib/chef/client.rb:470:in `load_node'
/var/lib/gems/2.3.0/gems/chef-13.6.0/lib/chef/client.rb:270:in `run'
/var/lib/gems/2.3.0/gems/chef-13.6.0/lib/chef/application.rb:291:in `block in fork_chef_client'
/var/lib/gems/2.3.0/gems/chef-13.6.0/lib/chef/application.rb:279:in `fork'
/var/lib/gems/2.3.0/gems/chef-13.6.0/lib/chef/application.rb:279:in `fork_chef_client'
/var/lib/gems/2.3.0/gems/chef-13.6.0/lib/chef/application.rb:244:in `block in run_chef_client'
/var/lib/gems/2.3.0/gems/chef-13.6.0/lib/chef/local_mode.rb:44:in `with_server_connectivity'
/var/lib/gems/2.3.0/gems/chef-13.6.0/lib/chef/application.rb:232:in `run_chef_client'
/var/lib/gems/2.3.0/gems/chef-13.6.0/lib/chef/application/client.rb:469:in `sleep_then_run_chef_client'
/var/lib/gems/2.3.0/gems/chef-13.6.0/lib/chef/application/client.rb:458:in `block in interval_run_chef_client'
/var/lib/gems/2.3.0/gems/chef-13.6.0/lib/chef/application/client.rb:457:in `loop'
/var/lib/gems/2.3.0/gems/chef-13.6.0/lib/chef/application/client.rb:457:in `interval_run_chef_client'
/var/lib/gems/2.3.0/gems/chef-13.6.0/lib/chef/application/client.rb:441:in `run_application'
/var/lib/gems/2.3.0/gems/chef-13.6.0/lib/chef/application.rb:59:in `run'
/var/lib/gems/2.3.0/gems/chef-13.6.0/bin/chef-client:26:in `<top (required)>'
/usr/local/bin/chef-client:23:in `load'
/usr/local/bin/chef-client:23:in `<main>'

>>>> Caused by Net::HTTPServerException: 404 "Not Found"
/usr/lib/ruby/2.3.0/net/http/response.rb:120:in `error!'
/var/lib/gems/2.3.0/gems/chef-13.6.0/lib/chef/http.rb:152:in `request'
/var/lib/gems/2.3.0/gems/chef-13.6.0/lib/chef/http.rb:115:in `get'
/var/lib/gems/2.3.0/gems/chef-13.6.0/lib/chef/node.rb:580:in `load'
/var/lib/gems/2.3.0/gems/chef-13.6.0/lib/chef/node.rb:564:in `find_or_create'
/var/lib/gems/2.3.0/gems/chef-13.6.0/lib/chef/policy_builder/dynamic.rb:72:in `load_node'
/var/lib/gems/2.3.0/gems/chef-13.6.0/lib/chef/client.rb:470:in `load_node'
/var/lib/gems/2.3.0/gems/chef-13.6.0/lib/chef/client.rb:270:in `run'
/var/lib/gems/2.3.0/gems/chef-13.6.0/lib/chef/application.rb:291:in `block in fork_chef_client'
/var/lib/gems/2.3.0/gems/chef-13.6.0/lib/chef/application.rb:279:in `fork'
/var/lib/gems/2.3.0/gems/chef-13.6.0/lib/chef/application.rb:279:in `fork_chef_client'
/var/lib/gems/2.3.0/gems/chef-13.6.0/lib/chef/application.rb:244:in `block in run_chef_client'
/var/lib/gems/2.3.0/gems/chef-13.6.0/lib/chef/local_mode.rb:44:in `with_server_connectivity'
/var/lib/gems/2.3.0/gems/chef-13.6.0/lib/chef/application.rb:232:in `run_chef_client'
/var/lib/gems/2.3.0/gems/chef-13.6.0/lib/chef/application/client.rb:469:in `sleep_then_run_chef_client'
/var/lib/gems/2.3.0/gems/chef-13.6.0/lib/chef/application/client.rb:458:in `block in interval_run_chef_client'
/var/lib/gems/2.3.0/gems/chef-13.6.0/lib/chef/application/client.rb:457:in `loop'
/var/lib/gems/2.3.0/gems/chef-13.6.0/lib/chef/application/client.rb:457:in `interval_run_chef_client'
/var/lib/gems/2.3.0/gems/chef-13.6.0/lib/chef/application/client.rb:441:in `run_application'
/var/lib/gems/2.3.0/gems/chef-13.6.0/lib/chef/application.rb:59:in `run'
/var/lib/gems/2.3.0/gems/chef-13.6.0/bin/chef-client:26:in `<top (required)>'
/usr/local/bin/chef-client:23:in `load'
/usr/local/bin/chef-client:23:in `<main>'